[QC2020-01-04 22:31:46] INFO [main] cn.xiaosheng996.NettyProtobufTcpServer.NettyTcpServer.start(56) | Netty Tcp Server started..
[QC2020-01-04 22:34:06] INFO [main] cn.xiaosheng996.NettyProtobufTcpServer.NettyTcpServer.start(56) | Netty Tcp Server started..
[QC2020-01-04 22:35:52] INFO [main] cn.xiaosheng996.NettyProtobufTcpServer.NettyTcpServer.start(56) | Netty Tcp Server started..
[QC2020-01-04 22:41:27] INFO [main] cn.xiaosheng996.NettyProtobufTcpServer.NettyTcpServer.start(56) | Netty Tcp Server started..
[QC2020-01-04 22:43:41] INFO [nioEventLoopGroup-3-1] cn.xiaosheng996.NettyProtobufTcpServer.ServerHandler.channelActive(33) | [/192.168.1.2:6718] connected
[QC2020-01-04 22:45:20] ERROR [nioEventLoopGroup-3-1] cn.xiaosheng996.NettyProtobufTcpServer.ServerHandler.exceptionCaught(70) | handle packet from [005056fffec00008-0000074c-00000001-36f230ae8dc9c379-83d08986] failed!
java.io.IOException: 远程主机强迫关闭了一个现有的连接。
	at sun.nio.ch.SocketDispatcher.read0(Native Method)
	at sun.nio.ch.SocketDispatcher.read(Unknown Source)
	at sun.nio.ch.IOUtil.readIntoNativeBuffer(Unknown Source)
	at sun.nio.ch.IOUtil.read(Unknown Source)
	at sun.nio.ch.SocketChannelImpl.read(Unknown Source)
	at io.netty.buffer.PooledUnsafeDirectByteBuf.setBytes(PooledUnsafeDirectByteBuf.java:288)
	at io.netty.buffer.AbstractByteBuf.writeBytes(AbstractByteBuf.java:1100)
	at io.netty.channel.socket.nio.NioSocketChannel.doReadBytes(NioSocketChannel.java:367)
	at io.netty.channel.nio.AbstractNioByteChannel$NioByteUnsafe.read(AbstractNioByteChannel.java:118)
	at io.netty.channel.nio.NioEventLoop.processSelectedKey(NioEventLoop.java:610)
	at io.netty.channel.nio.NioEventLoop.processSelectedKeysOptimized(NioEventLoop.java:551)
	at io.netty.channel.nio.NioEventLoop.processSelectedKeys(NioEventLoop.java:465)
	at io.netty.channel.nio.NioEventLoop.run(NioEventLoop.java:437)
	at io.netty.util.concurrent.SingleThreadEventExecutor$5.run(SingleThreadEventExecutor.java:873)
	at io.netty.util.concurrent.DefaultThreadFactory$DefaultRunnableDecorator.run(DefaultThreadFactory.java:144)
	at java.lang.Thread.run(Unknown Source)
[QC2020-01-04 22:46:12] INFO [main] cn.xiaosheng996.NettyProtobufTcpServer.NettyTcpServer.start(56) | Netty Tcp Server started..
[QC2020-01-04 23:30:35] INFO [main] cn.xiaosheng996.NettyProtobufTcpServer.NettyTcpServer.start(56) | Netty Tcp Server started..
